<?xml version="1.0" encoding="UTF-8"?>
<!-- Generated by org.testng.reporters.JUnitReportReporter -->
<testsuite hostname="DESKTOP-T3D59B0" failures="0" tests="2" name="cucumber.TestNGTestRunner" time="11.839" errors="0" timestamp="2022-11-03T14:54:09 JST" skipped="0">
  <testcase classname="cucumber.TestNGTestRunner" name="runScenario" time="6.490"/>
  <system-out/>
  <testcase classname="cucumber.TestNGTestRunner" name="runScenario" time="5.349"/>
  <system-out/>
</testsuite> <!-- cucumber.TestNGTestRunner -->
