<?xml version="1.0" encoding="UTF-8"?>
<!-- Generated by org.testng.reporters.JUnitReportReporter -->
<testsuite hostname="DESKTOP-T3D59B0" failures="0" tests="4" name="udemymavenpractice.Tests.SubmitOrderTest" time="86.290" errors="0" timestamp="2022-10-16T21:24:58 GMT+09:00" skipped="0">
  <testcase classname="udemymavenpractice.Tests.SubmitOrderTest" name="submitOrder" time="12.132"/>
  <system-out/>
  <testcase classname="udemymavenpractice.Tests.SubmitOrderTest" name="OrderHistoryTest" time="22.028"/>
  <system-out/>
  <testcase classname="udemymavenpractice.Tests.SubmitOrderTest" name="submitOrder" time="28.146"/>
  <system-out/>
  <testcase classname="udemymavenpractice.Tests.SubmitOrderTest" name="OrderHistoryTest" time="23.984"/>
  <system-out/>
</testsuite> <!-- udemymavenpractice.Tests.SubmitOrderTest -->
