<?xml version="1.0" encoding="UTF-8"?>
<!-- Generated by org.testng.reporters.JUnitReportReporter -->
<testsuite hostname="DESKTOP-T3D59B0" failures="0" tests="1" name="udemymavenpractice.Tests.ErrorValidationTest" time="6.708" errors="0" timestamp="2022-10-23T19:44:58 JST" skipped="0">
  <testcase classname="udemymavenpractice.Tests.ErrorValidationTest" name="loginErrorValidation" time="6.708"/>
  <system-out/>
</testsuite> <!-- udemymavenpractice.Tests.ErrorValidationTest -->
