<?xml version="1.0" encoding="UTF-8"?>
<!-- Generated by org.testng.reporters.JUnitReportReporter -->
<testsuite hostname="DESKTOP-T3D59B0" failures="0" tests="4" name="udemymavenpractice.Tests.SubmitOrderTest" time="38.002" errors="0" timestamp="2022-10-02T20:27:34 JST" skipped="0">
  <testcase classname="udemymavenpractice.Tests.SubmitOrderTest" name="submitOrder" time="12.207"/>
  <system-out/>
  <testcase classname="udemymavenpractice.Tests.SubmitOrderTest" name="OrderHistoryTest" time="5.845"/>
  <system-out/>
  <testcase classname="udemymavenpractice.Tests.SubmitOrderTest" name="submitOrder" time="14.078"/>
  <system-out/>
  <testcase classname="udemymavenpractice.Tests.SubmitOrderTest" name="OrderHistoryTest" time="5.872"/>
  <system-out/>
</testsuite> <!-- udemymavenpractice.Tests.SubmitOrderTest -->
