<?xml version="1.0" encoding="UTF-8"?>
<!-- Generated by org.testng.reporters.JUnitReportReporter -->
<testsuite hostname="DESKTOP-T3D59B0" failures="0" tests="2" name="udemymavenpractice.Tests.ErrorValidation" time="17.889" errors="0" timestamp="2022-10-02T16:28:11 JST" skipped="0">
  <testcase classname="udemymavenpractice.Tests.ErrorValidation" name="loginErrorValidation" time="5.578"/>
  <system-out/>
  <testcase classname="udemymavenpractice.Tests.ErrorValidation" name="productErrorValidation" time="12.311"/>
  <system-out/>
</testsuite> <!-- udemymavenpractice.Tests.ErrorValidation -->
