<?xml version="1.0" encoding="UTF-8"?>
<!-- Generated by org.testng.reporters.JUnitReportReporter -->
<testsuite hostname="DESKTOP-T3D59B0" failures="0" tests="2" name="udemymavenpractice.Tests.ErrorValidationTest" time="28.778" errors="0" timestamp="2022-10-02T20:27:34 JST" skipped="0">
  <testcase classname="udemymavenpractice.Tests.ErrorValidationTest" name="productErrorValidation" time="23.239"/>
  <system-out/>
  <testcase classname="udemymavenpractice.Tests.ErrorValidationTest" name="loginErrorValidation" time="5.539"/>
  <system-out/>
</testsuite> <!-- udemymavenpractice.Tests.ErrorValidationTest -->
