<?xml version="1.0" encoding="UTF-8"?>
<!-- Generated by org.testng.reporters.JUnitReportReporter -->
<testsuite hostname="DESKTOP-T3D59B0" failures="0" tests="4" name="udemymavenpractice.Tests.SubmitOrderTest" time="87.098" errors="0" timestamp="2022-10-23T18:08:15 JST" skipped="0">
  <testcase classname="udemymavenpractice.Tests.SubmitOrderTest" name="submitOrder" time="31.187"/>
  <system-out/>
  <testcase classname="udemymavenpractice.Tests.SubmitOrderTest" name="submitOrder" time="28.410"/>
  <system-out/>
  <testcase classname="udemymavenpractice.Tests.SubmitOrderTest" name="OrderHistoryTest" time="5.778"/>
  <system-out/>
  <testcase classname="udemymavenpractice.Tests.SubmitOrderTest" name="OrderHistoryTest" time="21.723"/>
  <system-out/>
</testsuite> <!-- udemymavenpractice.Tests.SubmitOrderTest -->
